Using pre-set license
Built from '2020.3/staging' branch; Version is '2020.3.16f1 (049d6eca3c44) revision 302446'; Using compiler version '192528614'; Build Type 'Release'
OS: 'Windows 10 Home; OS build 19044.1889; Version 2009; 64bit' Language: 'ru' Physical Memory: 8123 MB
BatchMode: 1, IsHumanControllingUs: 0, StartBugReporterOnCrash: 0, Is64bit: 1, IsPro: 0

 COMMAND LINE ARGUMENTS:
D:\Games\2020.3.16f1\Editor\Unity.exe
-adb2
-batchMode
-noUpm
-name
AssetImportWorker0
-projectPath
D:/UnityProjects/Repository/JUNK-Y/JUNK-Y
-logFile
Logs/AssetImportWorker0.log
-srvPort
49732
Successfully changed project path to: D:/UnityProjects/Repository/JUNK-Y/JUNK-Y
D:/UnityProjects/Repository/JUNK-Y/JUNK-Y
Using Asset Import Pipeline V2.
Refreshing native plugins compatible for Editor in 189.22 ms, found 2 plugins.
Preloading 0 native plugins for Editor in 0.00 ms.
Initialize engine version: 2020.3.16f1 (049d6eca3c44)
[Subsystems] Discovering subsystems at path D:/Games/2020.3.16f1/Editor/Data/Resources/UnitySubsystems
[Subsystems] Discovering subsystems at path D:/UnityProjects/Repository/JUNK-Y/JUNK-Y/Assets
GfxDevice: creating device client; threaded=0
Direct3D:
    Version:  Direct3D 11.0 [level 11.0]
    Renderer: NVIDIA GeForce GTX 760 (ID=0x1187)
    Vendor:   
    VRAM:     4052 MB
    Driver:   27.21.14.5671
Initialize mono
Mono path[0] = 'D:/Games/2020.3.16f1/Editor/Data/Managed'
Mono path[1] = 'D:/Games/2020.3.16f1/Editor/Data/MonoBleedingEdge/lib/mono/unityjit'
Mono config path = 'D:/Games/2020.3.16f1/Editor/Data/MonoBleedingEdge/etc'
Using monoOptions --debugger-agent=transport=dt_socket,embedding=1,server=y,suspend=n,address=127.0.0.1:56272
Begin MonoManager ReloadAssembly
Registering precompiled unity dll's ...
Register platform support module: D:/Games/2020.3.16f1/Editor/Data/PlaybackEngines/WindowsStandaloneSupport/UnityEditor.WindowsStandalone.Extensions.dll
Registered in 0.034419 seconds.
Native extension for WindowsStandalone target not found
Refreshing native plugins compatible for Editor in 43.70 ms, found 2 plugins.
Preloading 0 native plugins for Editor in 0.00 ms.
Mono: successfully reloaded assembly
- Completed reload, in 13.591 seconds
Domain Reload Profiling:
	ReloadAssembly (13591ms)
		BeginReloadAssembly (261ms)
			ExecutionOrderSort (0ms)
			DisableScriptedObjects (0ms)
			BackupInstance (0ms)
			ReleaseScriptingObjects (0ms)
			CreateAndSetChildDomain (2ms)
		EndReloadAssembly (1238ms)
			LoadAssemblies (257ms)
			RebuildTransferFunctionScriptingTraits (0ms)
			SetupTypeCache (635ms)
			ReleaseScriptCaches (0ms)
			RebuildScriptCaches (31ms)
			SetupLoadedEditorAssemblies (349ms)
				LogAssemblyErrors (0ms)
				InitializePlatformSupportModulesInManaged (4ms)
				SetLoadedEditorAssemblies (0ms)
				RefreshPlugins (44ms)
				BeforeProcessingInitializeOnLoad (47ms)
				ProcessInitializeOnLoadAttributes (180ms)
				ProcessInitializeOnLoadMethodAttributes (74ms)
				AfterProcessingInitializeOnLoad (0ms)
				EditorAssembliesLoaded (0ms)
			ExecutionOrderSort2 (0ms)
			AwakeInstancesAfterBackupRestoration (0ms)
Platform modules already initialized, skipping
Registering precompiled user dll's ...
Registered in 0.299034 seconds.
Begin MonoManager ReloadAssembly
Native extension for WindowsStandalone target not found
Refreshing native plugins compatible for Editor in 0.43 ms, found 2 plugins.
Preloading 0 native plugins for Editor in 0.00 ms.
Mono: successfully reloaded assembly
- Completed reload, in  1.916 seconds
Domain Reload Profiling:
	ReloadAssembly (1917ms)
		BeginReloadAssembly (175ms)
			ExecutionOrderSort (0ms)
			DisableScriptedObjects (6ms)
			BackupInstance (0ms)
			ReleaseScriptingObjects (0ms)
			CreateAndSetChildDomain (37ms)
		EndReloadAssembly (1658ms)
			LoadAssemblies (376ms)
			RebuildTransferFunctionScriptingTraits (0ms)
			SetupTypeCache (497ms)
			ReleaseScriptCaches (0ms)
			RebuildScriptCaches (45ms)
			SetupLoadedEditorAssemblies (634ms)
				LogAssemblyErrors (0ms)
				InitializePlatformSupportModulesInManaged (5ms)
				SetLoadedEditorAssemblies (1ms)
				RefreshPlugins (1ms)
				BeforeProcessingInitializeOnLoad (90ms)
				ProcessInitializeOnLoadAttributes (530ms)
				ProcessInitializeOnLoadMethodAttributes (5ms)
				AfterProcessingInitializeOnLoad (3ms)
				EditorAssembliesLoaded (0ms)
			ExecutionOrderSort2 (0ms)
			AwakeInstancesAfterBackupRestoration (8ms)
Platform modules already initialized, skipping
========================================================================
Worker process is ready to serve import requests
Launched and connected shader compiler UnityShaderCompiler.exe after 0.15 seconds
Refreshing native plugins compatible for Editor in 0.34 ms, found 2 plugins.
Preloading 0 native plugins for Editor in 0.00 ms.
Unloading 1398 Unused Serialized files (Serialized files now loaded: 0)
System memory in use before: 64.8 MB.
System memory in use after: 64.9 MB.

Unloading 18 unused Assets to reduce memory usage. Loaded Objects now: 1830.
Total: 19.427100 ms (FindLiveObjects: 0.164500 ms CreateObjectMapping: 0.035000 ms MarkObjects: 19.135000 ms  DeleteObjects: 0.091200 ms)

AssetImportParameters requested are different than current active one (requested -> active):
  custom:framework-win-MediaFoundation: 216162199b28c13a410421893ffa2e32 -> 
  custom:video-decoder-ogg-theora: a1e56fd34408186e4bbccfd4996cb3dc -> 
  custom:container-muxer-webm: aa71ff27fc2769a1b78a27578f13a17b -> 
  custom:container-demuxer-webm: 4f35f7cbe854078d1ac9338744f61a02 -> 
  custom:container-demuxer-ogg: 62fdf1f143b41e24485cea50d1cbac27 -> 
  custom:video-encoder-webm-vp8: eb34c28f22e8b96e1ab97ce403110664 -> 
  custom:video-decoder-webm-vp8: 9c59270c3fd7afecdb556c50c9e8de78 -> 
  custom:audio-decoder-ogg-vorbis: bf7c407c2cedff20999df2af8eb42d56 -> 
  custom:audio-encoder-webm-vorbis: bf7c407c2cedff20999df2af8eb42d56 -> 
========================================================================
Received Import Request.
  path: Assets/New Material.mat
  artifactKey: Guid(7a5bba9bb2cffca45811a0d040b3b4cc) Importer(815301076,1909f56bfc062723c751e8b465ee728b)
Start importing Assets/New Material.mat using Guid(7a5bba9bb2cffca45811a0d040b3b4cc) Importer(815301076,1909f56bfc062723c751e8b465ee728b)  -> (artifact id: 'd0932d30c656b5d129cda6077f4bce70') in 0.347948 seconds 
  Import took 0.350452 seconds .

========================================================================
Received Import Request.
  Time since last request: 14215.032039 seconds.
  path: Assets/Gradient.mat
  artifactKey: Guid(f687df049c7ac244cac4b1eb0e623f43) Importer(815301076,1909f56bfc062723c751e8b465ee728b)
Start importing Assets/Gradient.mat using Guid(f687df049c7ac244cac4b1eb0e623f43) Importer(815301076,1909f56bfc062723c751e8b465ee728b)  -> (artifact id: 'c3cb51e49b23d45a0d47588d732a08fc') in 1.366753 seconds 
  Import took 1.536675 seconds .

========================================================================
Received Import Request.
  Time since last request: 643.424089 seconds.
  path: Assets
  artifactKey: Guid(00000000000000001000000000000000) Importer(815301076,1909f56bfc062723c751e8b465ee728b)
Start importing Assets using Guid(00000000000000001000000000000000) Importer(815301076,1909f56bfc062723c751e8b465ee728b)  -> (artifact id: '42d402b061de3733987d63b9cc3b64de') in 0.060367 seconds 
  Import took 0.078907 seconds .

========================================================================
Received Import Request.
  Time since last request: 10.036812 seconds.
  path: Assets/New Material 1.mat
  artifactKey: Guid(f4343d3d75d8e0c4fb6a2572363506da) Importer(815301076,1909f56bfc062723c751e8b465ee728b)
Start importing Assets/New Material 1.mat using Guid(f4343d3d75d8e0c4fb6a2572363506da) Importer(815301076,1909f56bfc062723c751e8b465ee728b)  -> (artifact id: 'c65389ab52bdc92d3adeb08f5c07bcc7') in 0.158999 seconds 
  Import took 0.165848 seconds .

========================================================================
Received Import Request.
  Time since last request: 8.014670 seconds.
  path: Assets/Planet.mat
  artifactKey: Guid(f4343d3d75d8e0c4fb6a2572363506da) Importer(815301076,1909f56bfc062723c751e8b465ee728b)
Start importing Assets/Planet.mat using Guid(f4343d3d75d8e0c4fb6a2572363506da) Importer(815301076,1909f56bfc062723c751e8b465ee728b)  -> (artifact id: 'f125984db4db07053734a55e5cdd2f5f') in 0.054566 seconds 
  Import took 0.072707 seconds .

========================================================================
Received Import Request.
  Time since last request: 617.202972 seconds.
  path: Assets/TSF
  artifactKey: Guid(4ad46a2088c7e6945a30e24668ac8680) Importer(815301076,1909f56bfc062723c751e8b465ee728b)
Start importing Assets/TSF using Guid(4ad46a2088c7e6945a30e24668ac8680) Importer(815301076,1909f56bfc062723c751e8b465ee728b)  -> (artifact id: '5793df7e79b863ff19b0c94699ec865a') in 0.007990 seconds 
  Import took 0.048554 seconds .

========================================================================
Received Import Request.
  Time since last request: 3911.081071 seconds.
  path: Assets/Materials
  artifactKey: Guid(cac8f690477829e4ebf2c0a27080336b) Importer(815301076,1909f56bfc062723c751e8b465ee728b)
Start importing Assets/Materials using Guid(cac8f690477829e4ebf2c0a27080336b) Importer(815301076,1909f56bfc062723c751e8b465ee728b)  -> (artifact id: 'a269f79a37865d8ff9865af6791cdc30') in 0.014908 seconds 
  Import took 0.087527 seconds .

========================================================================
Received Import Request.
  Time since last request: 3579.689676 seconds.
  path: Assets/Materials/Gradient.mat
  artifactKey: Guid(f687df049c7ac244cac4b1eb0e623f43) Importer(815301076,1909f56bfc062723c751e8b465ee728b)
Start importing Assets/Materials/Gradient.mat using Guid(f687df049c7ac244cac4b1eb0e623f43) Importer(815301076,1909f56bfc062723c751e8b465ee728b)  -> (artifact id: '376907414d01230328bc0704534b6de7') in 0.717967 seconds 
  Import took 0.778218 seconds .

========================================================================
Received Import Request.
  Time since last request: 0.000301 seconds.
  path: Assets/Materials/New Material.mat
  artifactKey: Guid(7a5bba9bb2cffca45811a0d040b3b4cc) Importer(815301076,1909f56bfc062723c751e8b465ee728b)
Start importing Assets/Materials/New Material.mat using Guid(7a5bba9bb2cffca45811a0d040b3b4cc) Importer(815301076,1909f56bfc062723c751e8b465ee728b)  -> (artifact id: '452a1d0035901bc5ef0d148b2390d701') in 0.330741 seconds 
  Import took 0.385762 seconds .

========================================================================
Received Import Request.
  Time since last request: 0.000305 seconds.
  path: Assets/Materials/Planet.mat
  artifactKey: Guid(f4343d3d75d8e0c4fb6a2572363506da) Importer(815301076,1909f56bfc062723c751e8b465ee728b)
Start importing Assets/Materials/Planet.mat using Guid(f4343d3d75d8e0c4fb6a2572363506da) Importer(815301076,1909f56bfc062723c751e8b465ee728b)  -> (artifact id: 'fe27185d2ae9e53f5e7f959c09fc385a') in 0.086612 seconds 
  Import took 0.110988 seconds .

========================================================================
Received Import Request.
  Time since last request: 396.850674 seconds.
  path: Assets/Materials/Gradient_Skybox.shader
  artifactKey: Guid(941196cbda07acb438808208802f6db1) Importer(815301076,1909f56bfc062723c751e8b465ee728b)
Start importing Assets/Materials/Gradient_Skybox.shader using Guid(941196cbda07acb438808208802f6db1) Importer(815301076,1909f56bfc062723c751e8b465ee728b)  -> (artifact id: 'c456b215bae4f2b3cbe38eac0b2b419b') in 0.061855 seconds 
  Import took 0.155180 seconds .

========================================================================
Received Import Request.
  Time since last request: 0.051389 seconds.
  path: Assets/Materials/Gradient_Skybox.shader
  artifactKey: Guid(941196cbda07acb438808208802f6db1) Importer(815301076,1909f56bfc062723c751e8b465ee728b)
Start importing Assets/Materials/Gradient_Skybox.shader using Guid(941196cbda07acb438808208802f6db1) Importer(815301076,1909f56bfc062723c751e8b465ee728b)  -> (artifact id: 'c456b215bae4f2b3cbe38eac0b2b419b') in 0.003185 seconds 
  Import took 0.012610 seconds .

========================================================================
Received Import Request.
  Time since last request: 7014.297127 seconds.
  path: Assets/Materials/Gradient.mat
  artifactKey: Guid(f687df049c7ac244cac4b1eb0e623f43) Importer(815301076,1909f56bfc062723c751e8b465ee728b)
Start importing Assets/Materials/Gradient.mat using Guid(f687df049c7ac244cac4b1eb0e623f43) Importer(815301076,1909f56bfc062723c751e8b465ee728b)  -> (artifact id: 'f1415a33b0e8893a8142f3b17195e6ae') in 0.245808 seconds 
  Import took 0.326492 seconds .

========================================================================
Received Import Request.
  Time since last request: 0.011272 seconds.
  path: Assets/Materials/Planet.mat
  artifactKey: Guid(f4343d3d75d8e0c4fb6a2572363506da) Importer(815301076,1909f56bfc062723c751e8b465ee728b)
Start importing Assets/Materials/Planet.mat using Guid(f4343d3d75d8e0c4fb6a2572363506da) Importer(815301076,1909f56bfc062723c751e8b465ee728b)  -> (artifact id: '761284b3829a051f28cd86039604b22d') in 0.031305 seconds 
  Import took 0.094292 seconds .

========================================================================
Received Import Request.
  Time since last request: 40281.596778 seconds.
  path: Assets/Materials/Gradient.mat
  artifactKey: Guid(f687df049c7ac244cac4b1eb0e623f43) Importer(815301076,1909f56bfc062723c751e8b465ee728b)
Start importing Assets/Materials/Gradient.mat using Guid(f687df049c7ac244cac4b1eb0e623f43) Importer(815301076,1909f56bfc062723c751e8b465ee728b)  -> (artifact id: 'c3a72573254188b9e44a31ebc594ea71') in 0.109245 seconds 
  Import took 0.131677 seconds .

========================================================================
Received Import Request.
  Time since last request: 0.000304 seconds.
  path: Assets/Materials/Planet.mat
  artifactKey: Guid(f4343d3d75d8e0c4fb6a2572363506da) Importer(815301076,1909f56bfc062723c751e8b465ee728b)
Start importing Assets/Materials/Planet.mat using Guid(f4343d3d75d8e0c4fb6a2572363506da) Importer(815301076,1909f56bfc062723c751e8b465ee728b)  -> (artifact id: 'a2c07089c42269debedb68f12fd28a04') in 0.017026 seconds 
  Import took 0.019627 seconds .

